[2017-04-14 15:16:14] WriterBlog.INFO: Matched route "{route}". {"route":"home","route_parameters":{"_controller":"WriterBlog\\Controller\\HomeController::indexAction","_route":"home"},"request_uri":"http://writerblog/","method":"GET"} []
[2017-04-14 15:16:14] WriterBlog.INFO: Populated the TokenStorage with an anonymous Token. [] []
[2017-04-14 15:18:12] WriterBlog.INFO: Matched route "{route}". {"route":"home","route_parameters":{"_controller":"WriterBlog\\Controller\\HomeController::indexAction","_route":"home"},"request_uri":"http://writerblog/","method":"GET"} []
[2017-04-14 15:18:12] WriterBlog.INFO: Populated the TokenStorage with an anonymous Token. [] []
[2017-04-14 15:22:55] WriterBlog.INFO: Matched route "{route}". {"route":"home","route_parameters":{"_controller":"WriterBlog\\Controller\\HomeController::indexAction","_route":"home"},"request_uri":"http://writerblog/","method":"GET"} []
[2017-04-14 15:22:55] WriterBlog.INFO: Populated the TokenStorage with an anonymous Token. [] []
[2017-04-14 15:30:02] WriterBlog.INFO: Matched route "{route}". {"route":"home","route_parameters":{"_controller":"WriterBlog\\Controller\\HomeController::indexAction","_route":"home"},"request_uri":"http://writerblog/","method":"GET"} []
[2017-04-14 15:30:02] WriterBlog.INFO: Populated the TokenStorage with an anonymous Token. [] []
[2017-04-14 15:37:41] WriterBlog.INFO: Matched route "{route}". {"route":"chapter","route_parameters":{"_controller":"WriterBlog\\Controller\\HomeController::chapterAction","id":"1","_route":"chapter"},"request_uri":"http://writerblog/index.php/chapter/1","method":"GET"} []
[2017-04-14 15:37:41] WriterBlog.INFO: Populated the TokenStorage with an anonymous Token. [] []
[2017-04-14 15:38:47] WriterBlog.INFO: Matched route "{route}". {"route":"chapter","route_parameters":{"_controller":"WriterBlog\\Controller\\HomeController::chapterAction","id":"1","_route":"chapter"},"request_uri":"http://writerblog/chapter/1","method":"GET"} []
[2017-04-14 15:38:47] WriterBlog.INFO: Populated the TokenStorage with an anonymous Token. [] []
[2017-04-14 15:38:53] WriterBlog.INFO: Matched route "{route}". {"route":"home","route_parameters":{"_controller":"WriterBlog\\Controller\\HomeController::indexAction","_route":"home"},"request_uri":"http://writerblog/","method":"GET"} []
[2017-04-14 15:38:53] WriterBlog.INFO: Populated the TokenStorage with an anonymous Token. [] []
[2017-04-14 15:38:58] WriterBlog.INFO: Matched route "{route}". {"route":"chapter","route_parameters":{"_controller":"WriterBlog\\Controller\\HomeController::chapterAction","id":"1","_route":"chapter"},"request_uri":"http://writerblog/chapter/1","method":"GET"} []
[2017-04-14 15:38:58] WriterBlog.INFO: Populated the TokenStorage with an anonymous Token. [] []
[2017-04-14 15:39:37] WriterBlog.INFO: Matched route "{route}". {"route":"chapter","route_parameters":{"_controller":"WriterBlog\\Controller\\HomeController::chapterAction","id":"1","_route":"chapter"},"request_uri":"http://writerblog/chapter/1","method":"GET"} []
[2017-04-14 15:39:37] WriterBlog.INFO: Populated the TokenStorage with an anonymous Token. [] []
[2017-04-14 15:39:53] WriterBlog.INFO: Matched route "{route}". {"route":"home","route_parameters":{"_controller":"WriterBlog\\Controller\\HomeController::indexAction","_route":"home"},"request_uri":"http://writerblog/","method":"GET"} []
[2017-04-14 15:39:53] WriterBlog.INFO: Populated the TokenStorage with an anonymous Token. [] []
[2017-04-14 15:40:11] WriterBlog.INFO: Matched route "{route}". {"route":"chapter","route_parameters":{"_controller":"WriterBlog\\Controller\\HomeController::chapterAction","id":"2","_route":"chapter"},"request_uri":"http://writerblog/chapter/2","method":"GET"} []
[2017-04-14 15:40:11] WriterBlog.INFO: Populated the TokenStorage with an anonymous Token. [] []
[2017-04-14 15:42:54] WriterBlog.INFO: Matched route "{route}". {"route":"home","route_parameters":{"_controller":"WriterBlog\\Controller\\HomeController::indexAction","_route":"home"},"request_uri":"http://writerblog/","method":"GET"} []
[2017-04-14 15:42:54] WriterBlog.INFO: Populated the TokenStorage with an anonymous Token. [] []
[2017-04-14 15:43:54] WriterBlog.INFO: Matched route "{route}". {"route":"chapter","route_parameters":{"_controller":"WriterBlog\\Controller\\HomeController::chapterAction","id":"1","_route":"chapter"},"request_uri":"http://writerblog/chapter/1","method":"GET"} []
[2017-04-14 15:43:54] WriterBlog.INFO: Populated the TokenStorage with an anonymous Token. [] []
[2017-04-14 15:48:41] WriterBlog.INFO: Matched route "{route}". {"route":"home","route_parameters":{"_controller":"WriterBlog\\Controller\\HomeController::indexAction","_route":"home"},"request_uri":"http://writerblog/","method":"GET"} []
[2017-04-14 15:48:41] WriterBlog.INFO: Populated the TokenStorage with an anonymous Token. [] []
[2017-04-14 15:56:22] WriterBlog.INFO: Matched route "{route}". {"route":"chapter","route_parameters":{"_controller":"WriterBlog\\Controller\\HomeController::chapterAction","id":"1","_route":"chapter"},"request_uri":"http://writerblog/chapter/1","method":"GET"} []
[2017-04-14 15:56:22] WriterBlog.INFO: Populated the TokenStorage with an anonymous Token. [] []
[2017-04-14 15:56:46] WriterBlog.INFO: Matched route "{route}". {"route":"chapter","route_parameters":{"_controller":"WriterBlog\\Controller\\HomeController::chapterAction","id":"1","_route":"chapter"},"request_uri":"http://writerblog/chapter/1","method":"GET"} []
[2017-04-14 15:56:46] WriterBlog.INFO: Populated the TokenStorage with an anonymous Token. [] []
[2017-04-14 16:39:58] WriterBlog.INFO: Matched route "{route}". {"route":"home","route_parameters":{"_controller":"WriterBlog\\Controller\\HomeController::indexAction","_route":"home"},"request_uri":"http://writerblog/","method":"GET"} []
[2017-04-14 16:39:58] WriterBlog.INFO: Populated the TokenStorage with an anonymous Token. [] []
[2017-04-14 16:41:11] WriterBlog.INFO: Matched route "{route}". {"route":"chapter","route_parameters":{"_controller":"WriterBlog\\Controller\\HomeController::chapterAction","id":"1","_route":"chapter"},"request_uri":"http://writerblog/chapter/1","method":"GET"} []
[2017-04-14 16:41:11] WriterBlog.INFO: Populated the TokenStorage with an anonymous Token. [] []
[2017-04-17 07:24:07] WriterBlog.INFO: Matched route "{route}". {"route":"home","route_parameters":{"_controller":"WriterBlog\\Controller\\HomeController::indexAction","_route":"home"},"request_uri":"http://writerblog/","method":"GET"} []
[2017-04-17 07:24:07] WriterBlog.INFO: Populated the TokenStorage with an anonymous Token. [] []
[2017-04-17 07:26:38] WriterBlog.INFO: Matched route "{route}". {"route":"chapter","route_parameters":{"_controller":"WriterBlog\\Controller\\HomeController::chapterAction","id":"1","_route":"chapter"},"request_uri":"http://writerblog/chapter/1","method":"GET"} []
[2017-04-17 07:26:38] WriterBlog.INFO: Populated the TokenStorage with an anonymous Token. [] []
[2017-04-17 07:26:54] WriterBlog.INFO: Matched route "{route}". {"route":"home","route_parameters":{"_controller":"WriterBlog\\Controller\\HomeController::indexAction","_route":"home"},"request_uri":"http://writerblog/","method":"GET"} []
[2017-04-17 07:26:54] WriterBlog.INFO: Populated the TokenStorage with an anonymous Token. [] []
[2017-04-17 07:27:02] WriterBlog.INFO: Matched route "{route}". {"route":"chapter","route_parameters":{"_controller":"WriterBlog\\Controller\\HomeController::chapterAction","id":"1","_route":"chapter"},"request_uri":"http://writerblog/chapter/1","method":"GET"} []
[2017-04-17 07:27:02] WriterBlog.INFO: Populated the TokenStorage with an anonymous Token. [] []
[2017-04-17 07:29:06] WriterBlog.INFO: Matched route "{route}". {"route":"chapter","route_parameters":{"_controller":"WriterBlog\\Controller\\HomeController::chapterAction","id":"1","_route":"chapter"},"request_uri":"http://writerblog/chapter/1","method":"GET"} []
[2017-04-17 07:29:06] WriterBlog.INFO: Populated the TokenStorage with an anonymous Token. [] []
[2017-04-17 07:30:26] WriterBlog.INFO: Matched route "{route}". {"route":"chapter","route_parameters":{"_controller":"WriterBlog\\Controller\\HomeController::chapterAction","id":"1","_route":"chapter"},"request_uri":"http://writerblog/chapter/1","method":"GET"} []
[2017-04-17 07:30:26] WriterBlog.INFO: Populated the TokenStorage with an anonymous Token. [] []
[2017-04-17 07:31:12] WriterBlog.INFO: Matched route "{route}". {"route":"chapter","route_parameters":{"_controller":"WriterBlog\\Controller\\HomeController::chapterAction","id":"1","_route":"chapter"},"request_uri":"http://writerblog/chapter/1","method":"GET"} []
[2017-04-17 07:31:12] WriterBlog.INFO: Populated the TokenStorage with an anonymous Token. [] []
[2017-04-17 08:08:50] WriterBlog.INFO: Matched route "{route}". {"route":"chapter","route_parameters":{"_controller":"WriterBlog\\Controller\\HomeController::chapterAction","id":"1","_route":"chapter"},"request_uri":"http://writerblog/chapter/1","method":"GET"} []
[2017-04-17 08:08:50] WriterBlog.INFO: Populated the TokenStorage with an anonymous Token. [] []
[2017-04-17 09:36:00] WriterBlog.INFO: Matched route "{route}". {"route":"chapter","route_parameters":{"_controller":"WriterBlog\\Controller\\HomeController::chapterAction","id":"1","_route":"chapter"},"request_uri":"http://writerblog/chapter/1","method":"GET"} []
[2017-04-17 09:36:00] WriterBlog.INFO: Populated the TokenStorage with an anonymous Token. [] []
[2017-04-17 09:36:00] WriterBlog.CRITICAL: InvalidArgumentException: Identifier "dao.comment" is not defined. (uncaught exception) at C:\wamp64\www\writerblog\vendor\pimple\pimple\src\Pimple\Container.php line 96 {"exception":"[object] (InvalidArgumentException(code: 0): Identifier \"dao.comment\" is not defined. at C:\\wamp64\\www\\writerblog\\vendor\\pimple\\pimple\\src\\Pimple\\Container.php:96)"} []
[2017-04-17 09:40:03] WriterBlog.INFO: Matched route "{route}". {"route":"chapter","route_parameters":{"_controller":"WriterBlog\\Controller\\HomeController::chapterAction","id":"1","_route":"chapter"},"request_uri":"http://writerblog/chapter/1","method":"GET"} []
[2017-04-17 09:40:03] WriterBlog.INFO: Populated the TokenStorage with an anonymous Token. [] []
[2017-04-17 09:40:06] WriterBlog.INFO: Matched route "{route}". {"route":"chapter","route_parameters":{"_controller":"WriterBlog\\Controller\\HomeController::chapterAction","id":"1","_route":"chapter"},"request_uri":"http://writerblog/chapter/1","method":"GET"} []
[2017-04-17 09:40:06] WriterBlog.INFO: Populated the TokenStorage with an anonymous Token. [] []
[2017-04-17 09:40:07] WriterBlog.INFO: Matched route "{route}". {"route":"chapter","route_parameters":{"_controller":"WriterBlog\\Controller\\HomeController::chapterAction","id":"1","_route":"chapter"},"request_uri":"http://writerblog/chapter/1","method":"GET"} []
[2017-04-17 09:40:07] WriterBlog.INFO: Populated the TokenStorage with an anonymous Token. [] []
[2017-04-17 09:40:09] WriterBlog.INFO: Matched route "{route}". {"route":"chapter","route_parameters":{"_controller":"WriterBlog\\Controller\\HomeController::chapterAction","id":"1","_route":"chapter"},"request_uri":"http://writerblog/chapter/1","method":"GET"} []
[2017-04-17 09:40:09] WriterBlog.INFO: Populated the TokenStorage with an anonymous Token. [] []
[2017-04-17 09:40:10] WriterBlog.INFO: Matched route "{route}". {"route":"chapter","route_parameters":{"_controller":"WriterBlog\\Controller\\HomeController::chapterAction","id":"1","_route":"chapter"},"request_uri":"http://writerblog/chapter/1","method":"GET"} []
[2017-04-17 09:40:10] WriterBlog.INFO: Populated the TokenStorage with an anonymous Token. [] []
[2017-04-17 09:40:11] WriterBlog.INFO: Matched route "{route}". {"route":"chapter","route_parameters":{"_controller":"WriterBlog\\Controller\\HomeController::chapterAction","id":"1","_route":"chapter"},"request_uri":"http://writerblog/chapter/1","method":"GET"} []
[2017-04-17 09:40:11] WriterBlog.INFO: Populated the TokenStorage with an anonymous Token. [] []
[2017-04-17 09:40:12] WriterBlog.INFO: Matched route "{route}". {"route":"chapter","route_parameters":{"_controller":"WriterBlog\\Controller\\HomeController::chapterAction","id":"1","_route":"chapter"},"request_uri":"http://writerblog/chapter/1","method":"GET"} []
[2017-04-17 09:40:12] WriterBlog.INFO: Populated the TokenStorage with an anonymous Token. [] []
[2017-04-17 09:40:13] WriterBlog.INFO: Matched route "{route}". {"route":"chapter","route_parameters":{"_controller":"WriterBlog\\Controller\\HomeController::chapterAction","id":"1","_route":"chapter"},"request_uri":"http://writerblog/chapter/1","method":"GET"} []
[2017-04-17 09:40:13] WriterBlog.INFO: Populated the TokenStorage with an anonymous Token. [] []
[2017-04-17 09:40:14] WriterBlog.INFO: Matched route "{route}". {"route":"chapter","route_parameters":{"_controller":"WriterBlog\\Controller\\HomeController::chapterAction","id":"1","_route":"chapter"},"request_uri":"http://writerblog/chapter/1","method":"GET"} []
[2017-04-17 09:40:14] WriterBlog.INFO: Populated the TokenStorage with an anonymous Token. [] []
[2017-04-17 09:40:16] WriterBlog.INFO: Matched route "{route}". {"route":"chapter","route_parameters":{"_controller":"WriterBlog\\Controller\\HomeController::chapterAction","id":"1","_route":"chapter"},"request_uri":"http://writerblog/chapter/1","method":"GET"} []
[2017-04-17 09:40:16] WriterBlog.INFO: Populated the TokenStorage with an anonymous Token. [] []
[2017-04-17 09:40:37] WriterBlog.INFO: Matched route "{route}". {"route":"chapter","route_parameters":{"_controller":"WriterBlog\\Controller\\HomeController::chapterAction","id":"1","_route":"chapter"},"request_uri":"http://writerblog/chapter/1","method":"GET"} []
[2017-04-17 09:40:37] WriterBlog.INFO: Populated the TokenStorage with an anonymous Token. [] []
[2017-04-17 09:40:38] WriterBlog.INFO: Matched route "{route}". {"route":"chapter","route_parameters":{"_controller":"WriterBlog\\Controller\\HomeController::chapterAction","id":"1","_route":"chapter"},"request_uri":"http://writerblog/chapter/1","method":"GET"} []
[2017-04-17 09:40:38] WriterBlog.INFO: Populated the TokenStorage with an anonymous Token. [] []
[2017-04-17 09:40:39] WriterBlog.INFO: Matched route "{route}". {"route":"chapter","route_parameters":{"_controller":"WriterBlog\\Controller\\HomeController::chapterAction","id":"1","_route":"chapter"},"request_uri":"http://writerblog/chapter/1","method":"GET"} []
[2017-04-17 09:40:39] WriterBlog.INFO: Populated the TokenStorage with an anonymous Token. [] []
[2017-04-17 09:40:40] WriterBlog.INFO: Matched route "{route}". {"route":"chapter","route_parameters":{"_controller":"WriterBlog\\Controller\\HomeController::chapterAction","id":"1","_route":"chapter"},"request_uri":"http://writerblog/chapter/1","method":"GET"} []
[2017-04-17 09:40:40] WriterBlog.INFO: Populated the TokenStorage with an anonymous Token. [] []
[2017-04-17 09:40:42] WriterBlog.INFO: Matched route "{route}". {"route":"chapter","route_parameters":{"_controller":"WriterBlog\\Controller\\HomeController::chapterAction","id":"1","_route":"chapter"},"request_uri":"http://writerblog/chapter/1","method":"GET"} []
[2017-04-17 09:40:42] WriterBlog.INFO: Populated the TokenStorage with an anonymous Token. [] []
[2017-04-17 09:40:43] WriterBlog.INFO: Matched route "{route}". {"route":"chapter","route_parameters":{"_controller":"WriterBlog\\Controller\\HomeController::chapterAction","id":"1","_route":"chapter"},"request_uri":"http://writerblog/chapter/1","method":"GET"} []
[2017-04-17 09:40:43] WriterBlog.INFO: Populated the TokenStorage with an anonymous Token. [] []
[2017-04-17 09:40:44] WriterBlog.INFO: Matched route "{route}". {"route":"chapter","route_parameters":{"_controller":"WriterBlog\\Controller\\HomeController::chapterAction","id":"1","_route":"chapter"},"request_uri":"http://writerblog/chapter/1","method":"GET"} []
[2017-04-17 09:40:44] WriterBlog.INFO: Populated the TokenStorage with an anonymous Token. [] []
[2017-04-17 09:40:45] WriterBlog.INFO: Matched route "{route}". {"route":"chapter","route_parameters":{"_controller":"WriterBlog\\Controller\\HomeController::chapterAction","id":"1","_route":"chapter"},"request_uri":"http://writerblog/chapter/1","method":"GET"} []
[2017-04-17 09:40:45] WriterBlog.INFO: Populated the TokenStorage with an anonymous Token. [] []
[2017-04-17 09:40:46] WriterBlog.INFO: Matched route "{route}". {"route":"chapter","route_parameters":{"_controller":"WriterBlog\\Controller\\HomeController::chapterAction","id":"1","_route":"chapter"},"request_uri":"http://writerblog/chapter/1","method":"GET"} []
[2017-04-17 09:40:46] WriterBlog.INFO: Populated the TokenStorage with an anonymous Token. [] []
[2017-04-17 09:40:47] WriterBlog.INFO: Matched route "{route}". {"route":"chapter","route_parameters":{"_controller":"WriterBlog\\Controller\\HomeController::chapterAction","id":"1","_route":"chapter"},"request_uri":"http://writerblog/chapter/1","method":"GET"} []
[2017-04-17 09:40:47] WriterBlog.INFO: Populated the TokenStorage with an anonymous Token. [] []
[2017-04-17 09:41:21] WriterBlog.INFO: Matched route "{route}". {"route":"chapter","route_parameters":{"_controller":"WriterBlog\\Controller\\HomeController::chapterAction","id":"1","_route":"chapter"},"request_uri":"http://writerblog/chapter/1","method":"GET"} []
[2017-04-17 09:41:21] WriterBlog.INFO: Populated the TokenStorage with an anonymous Token. [] []
[2017-04-17 09:41:27] WriterBlog.INFO: Matched route "{route}". {"route":"chapter","route_parameters":{"_controller":"WriterBlog\\Controller\\HomeController::chapterAction","id":"2","_route":"chapter"},"request_uri":"http://writerblog/chapter/2","method":"GET"} []
[2017-04-17 09:41:27] WriterBlog.INFO: Populated the TokenStorage with an anonymous Token. [] []
[2017-04-17 09:42:54] WriterBlog.INFO: Matched route "{route}". {"route":"chapter","route_parameters":{"_controller":"WriterBlog\\Controller\\HomeController::chapterAction","id":"2","_route":"chapter"},"request_uri":"http://writerblog/chapter/2","method":"GET"} []
[2017-04-17 09:42:54] WriterBlog.INFO: Populated the TokenStorage with an anonymous Token. [] []
[2017-04-17 09:42:54] WriterBlog.CRITICAL: Exception: No cdomment matching id 0 (uncaught exception) at C:\wamp64\www\writerblog\src\DAO\CommentDAO.php line 43 {"exception":"[object] (Exception(code: 0): No cdomment matching id 0 at C:\\wamp64\\www\\writerblog\\src\\DAO\\CommentDAO.php:43)"} []
[2017-04-17 09:44:34] WriterBlog.INFO: Matched route "{route}". {"route":"chapter","route_parameters":{"_controller":"WriterBlog\\Controller\\HomeController::chapterAction","id":"2","_route":"chapter"},"request_uri":"http://writerblog/chapter/2","method":"GET"} []
[2017-04-17 09:44:34] WriterBlog.INFO: Populated the TokenStorage with an anonymous Token. [] []
[2017-04-17 09:46:55] WriterBlog.INFO: Matched route "{route}". {"route":"chapter","route_parameters":{"_controller":"WriterBlog\\Controller\\HomeController::chapterAction","id":"2","_route":"chapter"},"request_uri":"http://writerblog/chapter/2","method":"GET"} []
[2017-04-17 09:46:55] WriterBlog.INFO: Populated the TokenStorage with an anonymous Token. [] []
[2017-04-17 09:47:58] WriterBlog.INFO: Matched route "{route}". {"route":"chapter","route_parameters":{"_controller":"WriterBlog\\Controller\\HomeController::chapterAction","id":"2","_route":"chapter"},"request_uri":"http://writerblog/chapter/2","method":"GET"} []
[2017-04-17 09:47:58] WriterBlog.INFO: Populated the TokenStorage with an anonymous Token. [] []
[2017-04-17 09:48:45] WriterBlog.INFO: Matched route "{route}". {"route":"chapter","route_parameters":{"_controller":"WriterBlog\\Controller\\HomeController::chapterAction","id":"2","_route":"chapter"},"request_uri":"http://writerblog/chapter/2","method":"GET"} []
[2017-04-17 09:48:45] WriterBlog.INFO: Populated the TokenStorage with an anonymous Token. [] []
[2017-04-17 09:54:55] WriterBlog.INFO: Matched route "{route}". {"route":"chapter","route_parameters":{"_controller":"WriterBlog\\Controller\\HomeController::chapterAction","id":"2","_route":"chapter"},"request_uri":"http://writerblog/chapter/2","method":"GET"} []
[2017-04-17 09:54:55] WriterBlog.INFO: Populated the TokenStorage with an anonymous Token. [] []
[2017-04-17 09:55:08] WriterBlog.INFO: Matched route "{route}". {"route":"chapter","route_parameters":{"_controller":"WriterBlog\\Controller\\HomeController::chapterAction","id":"2","_route":"chapter"},"request_uri":"http://writerblog/chapter/2","method":"GET"} []
[2017-04-17 09:55:08] WriterBlog.INFO: Populated the TokenStorage with an anonymous Token. [] []
[2017-04-17 09:55:52] WriterBlog.INFO: Matched route "{route}". {"route":"chapter","route_parameters":{"_controller":"WriterBlog\\Controller\\HomeController::chapterAction","id":"2","_route":"chapter"},"request_uri":"http://writerblog/chapter/2","method":"GET"} []
[2017-04-17 09:55:52] WriterBlog.INFO: Populated the TokenStorage with an anonymous Token. [] []
[2017-04-17 09:57:27] WriterBlog.INFO: Matched route "{route}". {"route":"chapter","route_parameters":{"_controller":"WriterBlog\\Controller\\HomeController::chapterAction","id":"2","_route":"chapter"},"request_uri":"http://writerblog/chapter/2","method":"GET"} []
[2017-04-17 09:57:27] WriterBlog.INFO: Populated the TokenStorage with an anonymous Token. [] []
[2017-04-17 10:02:40] WriterBlog.INFO: Matched route "{route}". {"route":"chapter","route_parameters":{"_controller":"WriterBlog\\Controller\\HomeController::chapterAction","id":"2","_route":"chapter"},"request_uri":"http://writerblog/chapter/2","method":"GET"} []
[2017-04-17 10:02:40] WriterBlog.INFO: Populated the TokenStorage with an anonymous Token. [] []
[2017-04-17 10:02:42] WriterBlog.INFO: Matched route "{route}". {"route":"chapter","route_parameters":{"_controller":"WriterBlog\\Controller\\HomeController::chapterAction","id":"2","_route":"chapter"},"request_uri":"http://writerblog/chapter/2","method":"GET"} []
[2017-04-17 10:02:42] WriterBlog.INFO: Populated the TokenStorage with an anonymous Token. [] []
[2017-04-17 10:03:40] WriterBlog.INFO: Matched route "{route}". {"route":"chapter","route_parameters":{"_controller":"WriterBlog\\Controller\\HomeController::chapterAction","id":"2","_route":"chapter"},"request_uri":"http://writerblog/chapter/2","method":"GET"} []
[2017-04-17 10:03:40] WriterBlog.INFO: Populated the TokenStorage with an anonymous Token. [] []
[2017-04-17 10:04:06] WriterBlog.INFO: Matched route "{route}". {"route":"chapter","route_parameters":{"_controller":"WriterBlog\\Controller\\HomeController::chapterAction","id":"2","_route":"chapter"},"request_uri":"http://writerblog/chapter/2","method":"GET"} []
[2017-04-17 10:04:06] WriterBlog.INFO: Populated the TokenStorage with an anonymous Token. [] []
[2017-04-17 10:04:06] WriterBlog.CRITICAL: Twig_Error_Runtime: An exception has been thrown during the rendering of a template ("Notice: Undefined property: WriterBlog\Domain\Comment::$title"). (uncaught exception) at C:\wamp64\www\writerblog\views\home\chapter.html.twig line 37 {"exception":"[object] (Twig_Error_Runtime(code: 0): An exception has been thrown during the rendering of a template (\"Notice: Undefined property: WriterBlog\\Domain\\Comment::$title\"). at C:\\wamp64\\www\\writerblog\\views\\home\\chapter.html.twig:37, Symfony\\Component\\Debug\\Exception\\ContextErrorException(code: 0): Notice: Undefined property: WriterBlog\\Domain\\Comment::$title at C:\\wamp64\\www\\writerblog\\src\\Domain\\Comment.php:59)"} []
[2017-04-17 10:06:57] WriterBlog.INFO: Matched route "{route}". {"route":"chapter","route_parameters":{"_controller":"WriterBlog\\Controller\\HomeController::chapterAction","id":"2","_route":"chapter"},"request_uri":"http://writerblog/chapter/2","method":"GET"} []
[2017-04-17 10:06:57] WriterBlog.INFO: Populated the TokenStorage with an anonymous Token. [] []
[2017-04-17 10:06:57] WriterBlog.CRITICAL: Twig_Error_Runtime: An exception has been thrown during the rendering of a template ("Notice: Undefined property: WriterBlog\Domain\Comment::$title"). (uncaught exception) at C:\wamp64\www\writerblog\views\home\chapter.html.twig line 37 {"exception":"[object] (Twig_Error_Runtime(code: 0): An exception has been thrown during the rendering of a template (\"Notice: Undefined property: WriterBlog\\Domain\\Comment::$title\"). at C:\\wamp64\\www\\writerblog\\views\\home\\chapter.html.twig:37, Symfony\\Component\\Debug\\Exception\\ContextErrorException(code: 0): Notice: Undefined property: WriterBlog\\Domain\\Comment::$title at C:\\wamp64\\www\\writerblog\\src\\Domain\\Comment.php:59)"} []
[2017-04-17 10:07:10] WriterBlog.INFO: Matched route "{route}". {"route":"chapter","route_parameters":{"_controller":"WriterBlog\\Controller\\HomeController::chapterAction","id":"2","_route":"chapter"},"request_uri":"http://writerblog/chapter/2","method":"GET"} []
[2017-04-17 10:07:10] WriterBlog.INFO: Populated the TokenStorage with an anonymous Token. [] []
[2017-04-17 10:07:39] WriterBlog.INFO: Matched route "{route}". {"route":"chapter","route_parameters":{"_controller":"WriterBlog\\Controller\\HomeController::chapterAction","id":"2","_route":"chapter"},"request_uri":"http://writerblog/chapter/2","method":"GET"} []
[2017-04-17 10:07:39] WriterBlog.INFO: Populated the TokenStorage with an anonymous Token. [] []
[2017-04-17 10:08:52] WriterBlog.INFO: Matched route "{route}". {"route":"chapter","route_parameters":{"_controller":"WriterBlog\\Controller\\HomeController::chapterAction","id":"2","_route":"chapter"},"request_uri":"http://writerblog/chapter/2","method":"GET"} []
[2017-04-17 10:08:52] WriterBlog.INFO: Populated the TokenStorage with an anonymous Token. [] []
[2017-04-17 10:09:44] WriterBlog.INFO: Matched route "{route}". {"route":"chapter","route_parameters":{"_controller":"WriterBlog\\Controller\\HomeController::chapterAction","id":"2","_route":"chapter"},"request_uri":"http://writerblog/chapter/2","method":"GET"} []
[2017-04-17 10:09:44] WriterBlog.INFO: Populated the TokenStorage with an anonymous Token. [] []
[2017-04-17 10:11:52] WriterBlog.INFO: Matched route "{route}". {"route":"chapter","route_parameters":{"_controller":"WriterBlog\\Controller\\HomeController::chapterAction","id":"2","_route":"chapter"},"request_uri":"http://writerblog/chapter/2","method":"GET"} []
[2017-04-17 10:11:52] WriterBlog.INFO: Populated the TokenStorage with an anonymous Token. [] []
[2017-04-17 10:11:52] WriterBlog.CRITICAL: Twig_Error_Runtime: An exception has been thrown during the rendering of a template ("Notice: Undefined property: WriterBlog\Domain\Comment::$title"). (uncaught exception) at C:\wamp64\www\writerblog\views\home\chapter.html.twig line 37 {"exception":"[object] (Twig_Error_Runtime(code: 0): An exception has been thrown during the rendering of a template (\"Notice: Undefined property: WriterBlog\\Domain\\Comment::$title\"). at C:\\wamp64\\www\\writerblog\\views\\home\\chapter.html.twig:37, Symfony\\Component\\Debug\\Exception\\ContextErrorException(code: 0): Notice: Undefined property: WriterBlog\\Domain\\Comment::$title at C:\\wamp64\\www\\writerblog\\src\\Domain\\Comment.php:59)"} []
[2017-04-17 10:13:34] WriterBlog.INFO: Matched route "{route}". {"route":"chapter","route_parameters":{"_controller":"WriterBlog\\Controller\\HomeController::chapterAction","id":"2","_route":"chapter"},"request_uri":"http://writerblog/chapter/2","method":"GET"} []
[2017-04-17 10:13:34] WriterBlog.INFO: Populated the TokenStorage with an anonymous Token. [] []
[2017-04-17 10:13:35] WriterBlog.CRITICAL: Twig_Error_Runtime: An exception has been thrown during the rendering of a template ("Notice: Undefined property: WriterBlog\Domain\Comment::$title"). (uncaught exception) at C:\wamp64\www\writerblog\views\home\chapter.html.twig line 37 {"exception":"[object] (Twig_Error_Runtime(code: 0): An exception has been thrown during the rendering of a template (\"Notice: Undefined property: WriterBlog\\Domain\\Comment::$title\"). at C:\\wamp64\\www\\writerblog\\views\\home\\chapter.html.twig:37, Symfony\\Component\\Debug\\Exception\\ContextErrorException(code: 0): Notice: Undefined property: WriterBlog\\Domain\\Comment::$title at C:\\wamp64\\www\\writerblog\\src\\Domain\\Comment.php:59)"} []
[2017-04-17 10:14:24] WriterBlog.INFO: Matched route "{route}". {"route":"chapter","route_parameters":{"_controller":"WriterBlog\\Controller\\HomeController::chapterAction","id":"2","_route":"chapter"},"request_uri":"http://writerblog/chapter/2","method":"GET"} []
[2017-04-17 10:14:24] WriterBlog.INFO: Populated the TokenStorage with an anonymous Token. [] []
[2017-04-17 10:14:38] WriterBlog.INFO: Matched route "{route}". {"route":"chapter","route_parameters":{"_controller":"WriterBlog\\Controller\\HomeController::chapterAction","id":"2","_route":"chapter"},"request_uri":"http://writerblog/chapter/2","method":"GET"} []
[2017-04-17 10:14:38] WriterBlog.INFO: Populated the TokenStorage with an anonymous Token. [] []
[2017-04-17 10:15:01] WriterBlog.INFO: Matched route "{route}". {"route":"chapter","route_parameters":{"_controller":"WriterBlog\\Controller\\HomeController::chapterAction","id":"2","_route":"chapter"},"request_uri":"http://writerblog/chapter/2","method":"GET"} []
[2017-04-17 10:15:01] WriterBlog.INFO: Populated the TokenStorage with an anonymous Token. [] []
[2017-04-17 12:54:17] WriterBlog.INFO: Matched route "{route}". {"route":"chapter","route_parameters":{"_controller":"WriterBlog\\Controller\\HomeController::chapterAction","id":"2","_route":"chapter"},"request_uri":"http://writerblog/chapter/2","method":"GET"} []
[2017-04-17 12:54:17] WriterBlog.INFO: Populated the TokenStorage with an anonymous Token. [] []
[2017-04-17 12:54:19] WriterBlog.INFO: Matched route "{route}". {"route":"chapter","route_parameters":{"_controller":"WriterBlog\\Controller\\HomeController::chapterAction","id":"2","_route":"chapter"},"request_uri":"http://writerblog/chapter/2","method":"GET"} []
[2017-04-17 12:54:19] WriterBlog.INFO: Populated the TokenStorage with an anonymous Token. [] []
[2017-04-17 12:54:20] WriterBlog.INFO: Matched route "{route}". {"route":"chapter","route_parameters":{"_controller":"WriterBlog\\Controller\\HomeController::chapterAction","id":"2","_route":"chapter"},"request_uri":"http://writerblog/chapter/2","method":"GET"} []
[2017-04-17 12:54:20] WriterBlog.INFO: Populated the TokenStorage with an anonymous Token. [] []
[2017-04-17 12:54:21] WriterBlog.INFO: Matched route "{route}". {"route":"chapter","route_parameters":{"_controller":"WriterBlog\\Controller\\HomeController::chapterAction","id":"2","_route":"chapter"},"request_uri":"http://writerblog/chapter/2","method":"GET"} []
[2017-04-17 12:54:21] WriterBlog.INFO: Populated the TokenStorage with an anonymous Token. [] []
[2017-04-17 12:54:22] WriterBlog.INFO: Matched route "{route}". {"route":"chapter","route_parameters":{"_controller":"WriterBlog\\Controller\\HomeController::chapterAction","id":"2","_route":"chapter"},"request_uri":"http://writerblog/chapter/2","method":"GET"} []
[2017-04-17 12:54:22] WriterBlog.INFO: Populated the TokenStorage with an anonymous Token. [] []
[2017-04-17 12:54:24] WriterBlog.INFO: Matched route "{route}". {"route":"chapter","route_parameters":{"_controller":"WriterBlog\\Controller\\HomeController::chapterAction","id":"2","_route":"chapter"},"request_uri":"http://writerblog/chapter/2","method":"GET"} []
[2017-04-17 12:54:24] WriterBlog.INFO: Populated the TokenStorage with an anonymous Token. [] []
[2017-04-17 12:54:24] WriterBlog.INFO: Matched route "{route}". {"route":"chapter","route_parameters":{"_controller":"WriterBlog\\Controller\\HomeController::chapterAction","id":"2","_route":"chapter"},"request_uri":"http://writerblog/chapter/2","method":"GET"} []
[2017-04-17 12:54:24] WriterBlog.INFO: Populated the TokenStorage with an anonymous Token. [] []
[2017-04-17 12:54:25] WriterBlog.INFO: Matched route "{route}". {"route":"chapter","route_parameters":{"_controller":"WriterBlog\\Controller\\HomeController::chapterAction","id":"2","_route":"chapter"},"request_uri":"http://writerblog/chapter/2","method":"GET"} []
[2017-04-17 12:54:25] WriterBlog.INFO: Populated the TokenStorage with an anonymous Token. [] []
[2017-04-17 12:54:27] WriterBlog.INFO: Matched route "{route}". {"route":"chapter","route_parameters":{"_controller":"WriterBlog\\Controller\\HomeController::chapterAction","id":"2","_route":"chapter"},"request_uri":"http://writerblog/chapter/2","method":"GET"} []
[2017-04-17 12:54:27] WriterBlog.INFO: Populated the TokenStorage with an anonymous Token. [] []
[2017-04-17 12:54:28] WriterBlog.INFO: Matched route "{route}". {"route":"chapter","route_parameters":{"_controller":"WriterBlog\\Controller\\HomeController::chapterAction","id":"2","_route":"chapter"},"request_uri":"http://writerblog/chapter/2","method":"GET"} []
[2017-04-17 12:54:28] WriterBlog.INFO: Populated the TokenStorage with an anonymous Token. [] []
[2017-04-17 12:54:56] WriterBlog.INFO: Matched route "{route}". {"route":"chapter","route_parameters":{"_controller":"WriterBlog\\Controller\\HomeController::chapterAction","id":"2","_route":"chapter"},"request_uri":"http://writerblog/chapter/2","method":"GET"} []
[2017-04-17 12:54:56] WriterBlog.INFO: Populated the TokenStorage with an anonymous Token. [] []
[2017-04-17 12:54:58] WriterBlog.INFO: Matched route "{route}". {"route":"chapter","route_parameters":{"_controller":"WriterBlog\\Controller\\HomeController::chapterAction","id":"2","_route":"chapter"},"request_uri":"http://writerblog/chapter/2","method":"GET"} []
[2017-04-17 12:54:58] WriterBlog.INFO: Populated the TokenStorage with an anonymous Token. [] []
[2017-04-17 12:54:59] WriterBlog.INFO: Matched route "{route}". {"route":"chapter","route_parameters":{"_controller":"WriterBlog\\Controller\\HomeController::chapterAction","id":"2","_route":"chapter"},"request_uri":"http://writerblog/chapter/2","method":"GET"} []
[2017-04-17 12:54:59] WriterBlog.INFO: Populated the TokenStorage with an anonymous Token. [] []
[2017-04-17 12:54:59] WriterBlog.INFO: Matched route "{route}". {"route":"chapter","route_parameters":{"_controller":"WriterBlog\\Controller\\HomeController::chapterAction","id":"2","_route":"chapter"},"request_uri":"http://writerblog/chapter/2","method":"GET"} []
[2017-04-17 12:54:59] WriterBlog.INFO: Populated the TokenStorage with an anonymous Token. [] []
[2017-04-17 12:55:01] WriterBlog.INFO: Matched route "{route}". {"route":"chapter","route_parameters":{"_controller":"WriterBlog\\Controller\\HomeController::chapterAction","id":"2","_route":"chapter"},"request_uri":"http://writerblog/chapter/2","method":"GET"} []
[2017-04-17 12:55:01] WriterBlog.INFO: Populated the TokenStorage with an anonymous Token. [] []
[2017-04-17 12:55:02] WriterBlog.INFO: Matched route "{route}". {"route":"chapter","route_parameters":{"_controller":"WriterBlog\\Controller\\HomeController::chapterAction","id":"2","_route":"chapter"},"request_uri":"http://writerblog/chapter/2","method":"GET"} []
[2017-04-17 12:55:02] WriterBlog.INFO: Populated the TokenStorage with an anonymous Token. [] []
[2017-04-17 12:55:03] WriterBlog.INFO: Matched route "{route}". {"route":"chapter","route_parameters":{"_controller":"WriterBlog\\Controller\\HomeController::chapterAction","id":"2","_route":"chapter"},"request_uri":"http://writerblog/chapter/2","method":"GET"} []
[2017-04-17 12:55:03] WriterBlog.INFO: Populated the TokenStorage with an anonymous Token. [] []
[2017-04-17 12:55:04] WriterBlog.INFO: Matched route "{route}". {"route":"chapter","route_parameters":{"_controller":"WriterBlog\\Controller\\HomeController::chapterAction","id":"2","_route":"chapter"},"request_uri":"http://writerblog/chapter/2","method":"GET"} []
[2017-04-17 12:55:04] WriterBlog.INFO: Populated the TokenStorage with an anonymous Token. [] []
[2017-04-17 12:55:05] WriterBlog.INFO: Matched route "{route}". {"route":"chapter","route_parameters":{"_controller":"WriterBlog\\Controller\\HomeController::chapterAction","id":"2","_route":"chapter"},"request_uri":"http://writerblog/chapter/2","method":"GET"} []
[2017-04-17 12:55:05] WriterBlog.INFO: Populated the TokenStorage with an anonymous Token. [] []
[2017-04-17 12:55:06] WriterBlog.INFO: Matched route "{route}". {"route":"chapter","route_parameters":{"_controller":"WriterBlog\\Controller\\HomeController::chapterAction","id":"2","_route":"chapter"},"request_uri":"http://writerblog/chapter/2","method":"GET"} []
[2017-04-17 12:55:06] WriterBlog.INFO: Populated the TokenStorage with an anonymous Token. [] []
[2017-04-17 12:55:19] WriterBlog.INFO: Matched route "{route}". {"route":"chapter","route_parameters":{"_controller":"WriterBlog\\Controller\\HomeController::chapterAction","id":"2","_route":"chapter"},"request_uri":"http://writerblog/chapter/2","method":"GET"} []
[2017-04-17 12:55:19] WriterBlog.INFO: Populated the TokenStorage with an anonymous Token. [] []
[2017-04-17 12:55:20] WriterBlog.INFO: Matched route "{route}". {"route":"chapter","route_parameters":{"_controller":"WriterBlog\\Controller\\HomeController::chapterAction","id":"2","_route":"chapter"},"request_uri":"http://writerblog/chapter/2","method":"GET"} []
[2017-04-17 12:55:20] WriterBlog.INFO: Populated the TokenStorage with an anonymous Token. [] []
[2017-04-17 12:55:21] WriterBlog.INFO: Matched route "{route}". {"route":"chapter","route_parameters":{"_controller":"WriterBlog\\Controller\\HomeController::chapterAction","id":"2","_route":"chapter"},"request_uri":"http://writerblog/chapter/2","method":"GET"} []
[2017-04-17 12:55:21] WriterBlog.INFO: Populated the TokenStorage with an anonymous Token. [] []
[2017-04-17 12:55:26] WriterBlog.INFO: Matched route "{route}". {"route":"chapter","route_parameters":{"_controller":"WriterBlog\\Controller\\HomeController::chapterAction","id":"2","_route":"chapter"},"request_uri":"http://writerblog/chapter/2","method":"GET"} []
[2017-04-17 12:55:26] WriterBlog.INFO: Populated the TokenStorage with an anonymous Token. [] []
[2017-04-17 12:55:37] WriterBlog.INFO: Matched route "{route}". {"route":"home","route_parameters":{"_controller":"WriterBlog\\Controller\\HomeController::indexAction","_route":"home"},"request_uri":"http://writerblog/","method":"GET"} []
[2017-04-17 12:55:37] WriterBlog.INFO: Populated the TokenStorage with an anonymous Token. [] []
[2017-04-17 12:55:38] WriterBlog.INFO: Matched route "{route}". {"route":"home","route_parameters":{"_controller":"WriterBlog\\Controller\\HomeController::indexAction","_route":"home"},"request_uri":"http://writerblog/","method":"GET"} []
[2017-04-17 12:55:38] WriterBlog.INFO: Populated the TokenStorage with an anonymous Token. [] []
[2017-04-17 12:55:39] WriterBlog.INFO: Matched route "{route}". {"route":"home","route_parameters":{"_controller":"WriterBlog\\Controller\\HomeController::indexAction","_route":"home"},"request_uri":"http://writerblog/","method":"GET"} []
[2017-04-17 12:55:39] WriterBlog.INFO: Populated the TokenStorage with an anonymous Token. [] []
[2017-04-17 12:55:44] WriterBlog.INFO: Matched route "{route}". {"route":"home","route_parameters":{"_controller":"WriterBlog\\Controller\\HomeController::indexAction","_route":"home"},"request_uri":"http://writerblog/","method":"GET"} []
[2017-04-17 12:55:44] WriterBlog.INFO: Populated the TokenStorage with an anonymous Token. [] []
[2017-04-17 12:56:15] WriterBlog.INFO: Matched route "{route}". {"route":"home","route_parameters":{"_controller":"WriterBlog\\Controller\\HomeController::indexAction","_route":"home"},"request_uri":"http://writerblog/","method":"GET"} []
[2017-04-17 12:56:15] WriterBlog.INFO: Populated the TokenStorage with an anonymous Token. [] []
[2017-04-17 12:56:20] WriterBlog.INFO: Matched route "{route}". {"route":"chapter","route_parameters":{"_controller":"WriterBlog\\Controller\\HomeController::chapterAction","id":"2","_route":"chapter"},"request_uri":"http://writerblog/chapter/2","method":"GET"} []
[2017-04-17 12:56:20] WriterBlog.INFO: Populated the TokenStorage with an anonymous Token. [] []
[2017-04-17 12:58:00] WriterBlog.INFO: Matched route "{route}". {"route":"chapter","route_parameters":{"_controller":"WriterBlog\\Controller\\HomeController::chapterAction","id":"2","_route":"chapter"},"request_uri":"http://writerblog/chapter/2","method":"GET"} []
[2017-04-17 12:58:00] WriterBlog.INFO: Populated the TokenStorage with an anonymous Token. [] []
[2017-04-17 12:59:21] WriterBlog.INFO: Matched route "{route}". {"route":"chapter","route_parameters":{"_controller":"WriterBlog\\Controller\\HomeController::chapterAction","id":"2","_route":"chapter"},"request_uri":"http://writerblog/chapter/2","method":"GET"} []
[2017-04-17 12:59:21] WriterBlog.INFO: Populated the TokenStorage with an anonymous Token. [] []
[2017-04-17 13:01:32] WriterBlog.INFO: Matched route "{route}". {"route":"chapter","route_parameters":{"_controller":"WriterBlog\\Controller\\HomeController::chapterAction","id":"2","_route":"chapter"},"request_uri":"http://writerblog/chapter/2","method":"GET"} []
[2017-04-17 13:01:32] WriterBlog.INFO: Populated the TokenStorage with an anonymous Token. [] []
[2017-04-17 13:01:44] WriterBlog.INFO: Matched route "{route}". {"route":"chapter","route_parameters":{"_controller":"WriterBlog\\Controller\\HomeController::chapterAction","id":"2","_route":"chapter"},"request_uri":"http://writerblog/chapter/2","method":"GET"} []
[2017-04-17 13:01:44] WriterBlog.INFO: Populated the TokenStorage with an anonymous Token. [] []
[2017-04-17 13:02:27] WriterBlog.INFO: Matched route "{route}". {"route":"chapter","route_parameters":{"_controller":"WriterBlog\\Controller\\HomeController::chapterAction","id":"2","_route":"chapter"},"request_uri":"http://writerblog/chapter/2","method":"GET"} []
[2017-04-17 13:02:27] WriterBlog.INFO: Populated the TokenStorage with an anonymous Token. [] []
[2017-04-17 13:03:42] WriterBlog.INFO: Matched route "{route}". {"route":"chapter","route_parameters":{"_controller":"WriterBlog\\Controller\\HomeController::chapterAction","id":"2","_route":"chapter"},"request_uri":"http://writerblog/chapter/2","method":"GET"} []
[2017-04-17 13:03:42] WriterBlog.INFO: Populated the TokenStorage with an anonymous Token. [] []
[2017-04-17 13:04:01] WriterBlog.INFO: Matched route "{route}". {"route":"chapter","route_parameters":{"_controller":"WriterBlog\\Controller\\HomeController::chapterAction","id":"2","_route":"chapter"},"request_uri":"http://writerblog/chapter/2","method":"GET"} []
[2017-04-17 13:04:01] WriterBlog.INFO: Populated the TokenStorage with an anonymous Token. [] []
[2017-04-17 13:04:33] WriterBlog.INFO: Matched route "{route}". {"route":"home","route_parameters":{"_controller":"WriterBlog\\Controller\\HomeController::indexAction","_route":"home"},"request_uri":"http://writerblog/","method":"GET"} []
[2017-04-17 13:04:33] WriterBlog.INFO: Populated the TokenStorage with an anonymous Token. [] []
[2017-04-17 13:04:35] WriterBlog.INFO: Matched route "{route}". {"route":"chapter","route_parameters":{"_controller":"WriterBlog\\Controller\\HomeController::chapterAction","id":"1","_route":"chapter"},"request_uri":"http://writerblog/chapter/1","method":"GET"} []
[2017-04-17 13:04:35] WriterBlog.INFO: Populated the TokenStorage with an anonymous Token. [] []
[2017-04-17 13:04:45] WriterBlog.INFO: Matched route "{route}". {"route":"chapter","route_parameters":{"_controller":"WriterBlog\\Controller\\HomeController::chapterAction","id":"2","_route":"chapter"},"request_uri":"http://writerblog/chapter/2","method":"GET"} []
[2017-04-17 13:04:45] WriterBlog.INFO: Populated the TokenStorage with an anonymous Token. [] []
[2017-04-17 13:05:35] WriterBlog.INFO: Matched route "{route}". {"route":"chapter","route_parameters":{"_controller":"WriterBlog\\Controller\\HomeController::chapterAction","id":"2","_route":"chapter"},"request_uri":"http://writerblog/chapter/2","method":"GET"} []
[2017-04-17 13:05:35] WriterBlog.INFO: Populated the TokenStorage with an anonymous Token. [] []
[2017-04-17 13:10:32] WriterBlog.INFO: Matched route "{route}". {"route":"chapter","route_parameters":{"_controller":"WriterBlog\\Controller\\HomeController::chapterAction","id":"2","_route":"chapter"},"request_uri":"http://writerblog/chapter/2","method":"GET"} []
[2017-04-17 13:10:32] WriterBlog.INFO: Populated the TokenStorage with an anonymous Token. [] []
[2017-04-17 13:10:48] WriterBlog.INFO: Matched route "{route}". {"route":"chapter","route_parameters":{"_controller":"WriterBlog\\Controller\\HomeController::chapterAction","id":"2","_route":"chapter"},"request_uri":"http://writerblog/chapter/2","method":"GET"} []
[2017-04-17 13:10:48] WriterBlog.INFO: Populated the TokenStorage with an anonymous Token. [] []
[2017-04-17 13:11:45] WriterBlog.INFO: Matched route "{route}". {"route":"chapter","route_parameters":{"_controller":"WriterBlog\\Controller\\HomeController::chapterAction","id":"2","_route":"chapter"},"request_uri":"http://writerblog/chapter/2","method":"GET"} []
[2017-04-17 13:11:45] WriterBlog.INFO: Populated the TokenStorage with an anonymous Token. [] []
[2017-04-17 13:11:45] WriterBlog.CRITICAL: Twig_Error_Runtime: Neither the property "author" nor one of the methods "author()", "getauthor()"/"isauthor()" or "__call()" exist and have public access in class "stdClass". (uncaught exception) at C:\wamp64\www\writerblog\views\home\chapter.html.twig line 37 {"exception":"[object] (Twig_Error_Runtime(code: 0): Neither the property \"author\" nor one of the methods \"author()\", \"getauthor()\"/\"isauthor()\" or \"__call()\" exist and have public access in class \"stdClass\". at C:\\wamp64\\www\\writerblog\\views\\home\\chapter.html.twig:37)"} []
[2017-04-17 13:14:37] WriterBlog.INFO: Matched route "{route}". {"route":"chapter","route_parameters":{"_controller":"WriterBlog\\Controller\\HomeController::chapterAction","id":"2","_route":"chapter"},"request_uri":"http://writerblog/chapter/2","method":"GET"} []
[2017-04-17 13:14:37] WriterBlog.INFO: Populated the TokenStorage with an anonymous Token. [] []
[2017-04-17 13:15:18] WriterBlog.INFO: Matched route "{route}". {"route":"chapter","route_parameters":{"_controller":"WriterBlog\\Controller\\HomeController::chapterAction","id":"2","_route":"chapter"},"request_uri":"http://writerblog/chapter/2","method":"GET"} []
[2017-04-17 13:15:18] WriterBlog.INFO: Populated the TokenStorage with an anonymous Token. [] []
[2017-04-17 13:24:06] WriterBlog.INFO: Matched route "{route}". {"route":"chapter","route_parameters":{"_controller":"WriterBlog\\Controller\\HomeController::chapterAction","id":"2","_route":"chapter"},"request_uri":"http://writerblog/chapter/2","method":"GET"} []
[2017-04-17 13:24:06] WriterBlog.INFO: Populated the TokenStorage with an anonymous Token. [] []
[2017-04-17 13:24:22] WriterBlog.INFO: Matched route "{route}". {"route":"chapter","route_parameters":{"_controller":"WriterBlog\\Controller\\HomeController::chapterAction","id":"2","_route":"chapter"},"request_uri":"http://writerblog/chapter/2","method":"GET"} []
[2017-04-17 13:24:22] WriterBlog.INFO: Populated the TokenStorage with an anonymous Token. [] []
[2017-04-17 13:25:49] WriterBlog.INFO: Matched route "{route}". {"route":"chapter","route_parameters":{"_controller":"WriterBlog\\Controller\\HomeController::chapterAction","id":"2","_route":"chapter"},"request_uri":"http://writerblog/chapter/2","method":"GET"} []
[2017-04-17 13:25:49] WriterBlog.INFO: Populated the TokenStorage with an anonymous Token. [] []
[2017-04-17 13:27:13] WriterBlog.INFO: Matched route "{route}". {"route":"chapter","route_parameters":{"_controller":"WriterBlog\\Controller\\HomeController::chapterAction","id":"2","_route":"chapter"},"request_uri":"http://writerblog/chapter/2","method":"GET"} []
[2017-04-17 13:27:13] WriterBlog.INFO: Populated the TokenStorage with an anonymous Token. [] []
[2017-04-17 13:42:08] WriterBlog.INFO: Matched route "{route}". {"route":"chapter","route_parameters":{"_controller":"WriterBlog\\Controller\\HomeController::chapterAction","id":"2","_route":"chapter"},"request_uri":"http://writerblog/chapter/2","method":"GET"} []
[2017-04-17 13:42:08] WriterBlog.INFO: Populated the TokenStorage with an anonymous Token. [] []
[2017-04-17 13:42:08] WriterBlog.CRITICAL: Twig_Error_Loader: Template "comments.html.twig" is not defined in "home/chapter.html.twig" at line 35. (uncaught exception) at C:\wamp64\www\writerblog\vendor\twig\twig\lib\Twig\Loader\Chain.php line 129 {"exception":"[object] (Twig_Error_Loader(code: 0): Template \"comments.html.twig\" is not defined in \"home/chapter.html.twig\" at line 35. at C:\\wamp64\\www\\writerblog\\vendor\\twig\\twig\\lib\\Twig\\Loader\\Chain.php:129)"} []
[2017-04-17 13:42:26] WriterBlog.INFO: Matched route "{route}". {"route":"chapter","route_parameters":{"_controller":"WriterBlog\\Controller\\HomeController::chapterAction","id":"2","_route":"chapter"},"request_uri":"http://writerblog/chapter/2","method":"GET"} []
[2017-04-17 13:42:26] WriterBlog.INFO: Populated the TokenStorage with an anonymous Token. [] []
[2017-04-17 13:42:26] WriterBlog.CRITICAL: Twig_Error_Loader: Template "comment.html.twig" is not defined in "home/chapter.html.twig" at line 35. (uncaught exception) at C:\wamp64\www\writerblog\vendor\twig\twig\lib\Twig\Loader\Chain.php line 129 {"exception":"[object] (Twig_Error_Loader(code: 0): Template \"comment.html.twig\" is not defined in \"home/chapter.html.twig\" at line 35. at C:\\wamp64\\www\\writerblog\\vendor\\twig\\twig\\lib\\Twig\\Loader\\Chain.php:129)"} []
[2017-04-17 13:42:42] WriterBlog.INFO: Matched route "{route}". {"route":"chapter","route_parameters":{"_controller":"WriterBlog\\Controller\\HomeController::chapterAction","id":"2","_route":"chapter"},"request_uri":"http://writerblog/chapter/2","method":"GET"} []
[2017-04-17 13:42:42] WriterBlog.INFO: Populated the TokenStorage with an anonymous Token. [] []
[2017-04-17 13:42:43] WriterBlog.CRITICAL: Twig_Error_Runtime: Neither the property "children" nor one of the methods "children()", "getchildren()"/"ischildren()" or "__call()" exist and have public access in class "WriterBlog\Domain\Comment". (uncaught exception) at C:\wamp64\www\writerblog\views\home\comment.html.twig line 11 {"exception":"[object] (Twig_Error_Runtime(code: 0): Neither the property \"children\" nor one of the methods \"children()\", \"getchildren()\"/\"ischildren()\" or \"__call()\" exist and have public access in class \"WriterBlog\\Domain\\Comment\". at C:\\wamp64\\www\\writerblog\\views\\home\\comment.html.twig:11)"} []
[2017-04-17 13:43:20] WriterBlog.INFO: Matched route "{route}". {"route":"chapter","route_parameters":{"_controller":"WriterBlog\\Controller\\HomeController::chapterAction","id":"2","_route":"chapter"},"request_uri":"http://writerblog/chapter/2","method":"GET"} []
[2017-04-17 13:43:20] WriterBlog.INFO: Populated the TokenStorage with an anonymous Token. [] []
[2017-04-17 13:43:21] WriterBlog.CRITICAL: Twig_Error_Runtime: Neither the property "children" nor one of the methods "children()", "getchildren()"/"ischildren()" or "__call()" exist and have public access in class "WriterBlog\Domain\Comment". (uncaught exception) at C:\wamp64\www\writerblog\views\home\comment.html.twig line 11 {"exception":"[object] (Twig_Error_Runtime(code: 0): Neither the property \"children\" nor one of the methods \"children()\", \"getchildren()\"/\"ischildren()\" or \"__call()\" exist and have public access in class \"WriterBlog\\Domain\\Comment\". at C:\\wamp64\\www\\writerblog\\views\\home\\comment.html.twig:11)"} []
[2017-04-17 13:52:23] WriterBlog.INFO: Matched route "{route}". {"route":"chapter","route_parameters":{"_controller":"WriterBlog\\Controller\\HomeController::chapterAction","id":"2","_route":"chapter"},"request_uri":"http://writerblog/chapter/2","method":"GET"} []
[2017-04-17 13:52:23] WriterBlog.INFO: Populated the TokenStorage with an anonymous Token. [] []
[2017-04-17 13:54:25] WriterBlog.INFO: Matched route "{route}". {"route":"chapter","route_parameters":{"_controller":"WriterBlog\\Controller\\HomeController::chapterAction","id":"2","_route":"chapter"},"request_uri":"http://writerblog/chapter/2","method":"GET"} []
[2017-04-17 13:54:25] WriterBlog.INFO: Populated the TokenStorage with an anonymous Token. [] []
[2017-04-17 13:57:16] WriterBlog.INFO: Matched route "{route}". {"route":"chapter","route_parameters":{"_controller":"WriterBlog\\Controller\\HomeController::chapterAction","id":"2","_route":"chapter"},"request_uri":"http://writerblog/chapter/2","method":"GET"} []
[2017-04-17 13:57:16] WriterBlog.INFO: Populated the TokenStorage with an anonymous Token. [] []
[2017-04-17 13:59:38] WriterBlog.INFO: Matched route "{route}". {"route":"chapter","route_parameters":{"_controller":"WriterBlog\\Controller\\HomeController::chapterAction","id":"2","_route":"chapter"},"request_uri":"http://writerblog/chapter/2","method":"GET"} []
[2017-04-17 13:59:38] WriterBlog.INFO: Populated the TokenStorage with an anonymous Token. [] []
[2017-04-17 13:59:52] WriterBlog.INFO: Matched route "{route}". {"route":"chapter","route_parameters":{"_controller":"WriterBlog\\Controller\\HomeController::chapterAction","id":"2","_route":"chapter"},"request_uri":"http://writerblog/chapter/2","method":"GET"} []
[2017-04-17 13:59:52] WriterBlog.INFO: Populated the TokenStorage with an anonymous Token. [] []
[2017-04-17 14:05:08] WriterBlog.INFO: Matched route "{route}". {"route":"chapter","route_parameters":{"_controller":"WriterBlog\\Controller\\HomeController::chapterAction","id":"2","_route":"chapter"},"request_uri":"http://writerblog/chapter/2","method":"GET"} []
[2017-04-17 14:05:08] WriterBlog.INFO: Populated the TokenStorage with an anonymous Token. [] []
[2017-04-17 14:07:15] WriterBlog.INFO: Matched route "{route}". {"route":"chapter","route_parameters":{"_controller":"WriterBlog\\Controller\\HomeController::chapterAction","id":"2","_route":"chapter"},"request_uri":"http://writerblog/chapter/2","method":"GET"} []
[2017-04-17 14:07:15] WriterBlog.INFO: Populated the TokenStorage with an anonymous Token. [] []
[2017-04-17 14:07:54] WriterBlog.INFO: Matched route "{route}". {"route":"chapter","route_parameters":{"_controller":"WriterBlog\\Controller\\HomeController::chapterAction","id":"2","_route":"chapter"},"request_uri":"http://writerblog/chapter/2","method":"GET"} []
[2017-04-17 14:07:54] WriterBlog.INFO: Populated the TokenStorage with an anonymous Token. [] []
[2017-04-17 14:08:21] WriterBlog.INFO: Matched route "{route}". {"route":"chapter","route_parameters":{"_controller":"WriterBlog\\Controller\\HomeController::chapterAction","id":"2","_route":"chapter"},"request_uri":"http://writerblog/chapter/2","method":"GET"} []
[2017-04-17 14:08:21] WriterBlog.INFO: Populated the TokenStorage with an anonymous Token. [] []
[2017-04-17 14:08:36] WriterBlog.INFO: Matched route "{route}". {"route":"chapter","route_parameters":{"_controller":"WriterBlog\\Controller\\HomeController::chapterAction","id":"2","_route":"chapter"},"request_uri":"http://writerblog/chapter/2","method":"GET"} []
[2017-04-17 14:08:36] WriterBlog.INFO: Populated the TokenStorage with an anonymous Token. [] []
[2017-04-17 14:10:39] WriterBlog.INFO: Matched route "{route}". {"route":"chapter","route_parameters":{"_controller":"WriterBlog\\Controller\\HomeController::chapterAction","id":"2","_route":"chapter"},"request_uri":"http://writerblog/chapter/2","method":"GET"} []
[2017-04-17 14:10:39] WriterBlog.INFO: Populated the TokenStorage with an anonymous Token. [] []
[2017-04-17 14:11:35] WriterBlog.INFO: Matched route "{route}". {"route":"chapter","route_parameters":{"_controller":"WriterBlog\\Controller\\HomeController::chapterAction","id":"2","_route":"chapter"},"request_uri":"http://writerblog/chapter/2","method":"GET"} []
[2017-04-17 14:11:35] WriterBlog.INFO: Populated the TokenStorage with an anonymous Token. [] []
[2017-04-17 14:12:17] WriterBlog.INFO: Matched route "{route}". {"route":"chapter","route_parameters":{"_controller":"WriterBlog\\Controller\\HomeController::chapterAction","id":"2","_route":"chapter"},"request_uri":"http://writerblog/chapter/2","method":"GET"} []
[2017-04-17 14:12:17] WriterBlog.INFO: Populated the TokenStorage with an anonymous Token. [] []
[2017-04-17 14:13:15] WriterBlog.INFO: Matched route "{route}". {"route":"chapter","route_parameters":{"_controller":"WriterBlog\\Controller\\HomeController::chapterAction","id":"2","_route":"chapter"},"request_uri":"http://writerblog/chapter/2","method":"GET"} []
[2017-04-17 14:13:15] WriterBlog.INFO: Populated the TokenStorage with an anonymous Token. [] []
[2017-04-17 14:15:16] WriterBlog.INFO: Matched route "{route}". {"route":"chapter","route_parameters":{"_controller":"WriterBlog\\Controller\\HomeController::chapterAction","id":"2","_route":"chapter"},"request_uri":"http://writerblog/chapter/2","method":"GET"} []
[2017-04-17 14:15:16] WriterBlog.INFO: Populated the TokenStorage with an anonymous Token. [] []
[2017-04-17 14:26:37] WriterBlog.INFO: Matched route "{route}". {"route":"chapter","route_parameters":{"_controller":"WriterBlog\\Controller\\HomeController::chapterAction","id":"2","_route":"chapter"},"request_uri":"http://writerblog/chapter/2","method":"GET"} []
[2017-04-17 14:26:37] WriterBlog.INFO: Populated the TokenStorage with an anonymous Token. [] []
[2017-04-17 14:26:58] WriterBlog.INFO: Matched route "{route}". {"route":"chapter","route_parameters":{"_controller":"WriterBlog\\Controller\\HomeController::chapterAction","id":"2","_route":"chapter"},"request_uri":"http://writerblog/chapter/2","method":"GET"} []
[2017-04-17 14:26:58] WriterBlog.INFO: Populated the TokenStorage with an anonymous Token. [] []
[2017-04-17 15:53:13] WriterBlog.INFO: Matched route "{route}". {"route":"chapter","route_parameters":{"_controller":"WriterBlog\\Controller\\HomeController::chapterAction","id":"2","_route":"chapter"},"request_uri":"http://writerblog/chapter/2","method":"GET"} []
[2017-04-17 15:53:13] WriterBlog.INFO: Populated the TokenStorage with an anonymous Token. [] []
[2017-04-17 15:58:20] WriterBlog.INFO: Matched route "{route}". {"route":"chapter","route_parameters":{"_controller":"WriterBlog\\Controller\\HomeController::chapterAction","id":"2","_route":"chapter"},"request_uri":"http://writerblog/chapter/2","method":"GET"} []
[2017-04-17 15:58:20] WriterBlog.INFO: Populated the TokenStorage with an anonymous Token. [] []
[2017-04-17 16:01:21] WriterBlog.INFO: Matched route "{route}". {"route":"chapter","route_parameters":{"_controller":"WriterBlog\\Controller\\HomeController::chapterAction","id":"2","_route":"chapter"},"request_uri":"http://writerblog/chapter/2","method":"GET"} []
[2017-04-17 16:01:21] WriterBlog.INFO: Populated the TokenStorage with an anonymous Token. [] []
[2017-04-17 16:01:59] WriterBlog.INFO: Matched route "{route}". {"route":"chapter","route_parameters":{"_controller":"WriterBlog\\Controller\\HomeController::chapterAction","id":"2","_route":"chapter"},"request_uri":"http://writerblog/chapter/2","method":"GET"} []
[2017-04-17 16:01:59] WriterBlog.INFO: Populated the TokenStorage with an anonymous Token. [] []
[2017-04-17 16:01:59] WriterBlog.CRITICAL: Twig_Error_Loader: Template "chapter.html.twig" is not defined in "home/comment.html.twig" at line 1. (uncaught exception) at C:\wamp64\www\writerblog\vendor\twig\twig\lib\Twig\Loader\Chain.php line 129 {"exception":"[object] (Twig_Error_Loader(code: 0): Template \"chapter.html.twig\" is not defined in \"home/comment.html.twig\" at line 1. at C:\\wamp64\\www\\writerblog\\vendor\\twig\\twig\\lib\\Twig\\Loader\\Chain.php:129)"} []
[2017-04-17 16:02:12] WriterBlog.INFO: Matched route "{route}". {"route":"chapter","route_parameters":{"_controller":"WriterBlog\\Controller\\HomeController::chapterAction","id":"2","_route":"chapter"},"request_uri":"http://writerblog/chapter/2","method":"GET"} []
[2017-04-17 16:02:12] WriterBlog.INFO: Populated the TokenStorage with an anonymous Token. [] []
[2017-04-17 16:03:41] WriterBlog.INFO: Matched route "{route}". {"route":"chapter","route_parameters":{"_controller":"WriterBlog\\Controller\\HomeController::chapterAction","id":"2","_route":"chapter"},"request_uri":"http://writerblog/chapter/2","method":"GET"} []
[2017-04-17 16:03:41] WriterBlog.INFO: Populated the TokenStorage with an anonymous Token. [] []
[2017-04-17 16:04:03] WriterBlog.INFO: Matched route "{route}". {"route":"chapter","route_parameters":{"_controller":"WriterBlog\\Controller\\HomeController::chapterAction","id":"2","_route":"chapter"},"request_uri":"http://writerblog/chapter/2","method":"GET"} []
[2017-04-17 16:04:03] WriterBlog.INFO: Populated the TokenStorage with an anonymous Token. [] []
[2017-04-17 16:05:59] WriterBlog.INFO: Matched route "{route}". {"route":"chapter","route_parameters":{"_controller":"WriterBlog\\Controller\\HomeController::chapterAction","id":"2","_route":"chapter"},"request_uri":"http://writerblog/chapter/2","method":"GET"} []
[2017-04-17 16:05:59] WriterBlog.INFO: Populated the TokenStorage with an anonymous Token. [] []
[2017-04-17 16:11:33] WriterBlog.INFO: Matched route "{route}". {"route":"chapter","route_parameters":{"_controller":"WriterBlog\\Controller\\HomeController::chapterAction","id":"2","_route":"chapter"},"request_uri":"http://writerblog/chapter/2","method":"GET"} []
[2017-04-17 16:11:33] WriterBlog.INFO: Populated the TokenStorage with an anonymous Token. [] []
[2017-04-17 16:13:03] WriterBlog.INFO: Matched route "{route}". {"route":"chapter","route_parameters":{"_controller":"WriterBlog\\Controller\\HomeController::chapterAction","id":"2","_route":"chapter"},"request_uri":"http://writerblog/chapter/2","method":"GET"} []
[2017-04-17 16:13:03] WriterBlog.INFO: Populated the TokenStorage with an anonymous Token. [] []
[2017-04-17 16:14:02] WriterBlog.INFO: Matched route "{route}". {"route":"chapter","route_parameters":{"_controller":"WriterBlog\\Controller\\HomeController::chapterAction","id":"2","_route":"chapter"},"request_uri":"http://writerblog/chapter/2","method":"GET"} []
[2017-04-17 16:14:02] WriterBlog.INFO: Populated the TokenStorage with an anonymous Token. [] []
[2017-04-17 16:14:36] WriterBlog.INFO: Matched route "{route}". {"route":"chapter","route_parameters":{"_controller":"WriterBlog\\Controller\\HomeController::chapterAction","id":"2","_route":"chapter"},"request_uri":"http://writerblog/chapter/2","method":"GET"} []
[2017-04-17 16:14:36] WriterBlog.INFO: Populated the TokenStorage with an anonymous Token. [] []
[2017-04-17 16:14:40] WriterBlog.INFO: Matched route "{route}". {"route":"chapter","route_parameters":{"_controller":"WriterBlog\\Controller\\HomeController::chapterAction","id":"2","_route":"chapter"},"request_uri":"http://writerblog/chapter/2","method":"GET"} []
[2017-04-17 16:14:40] WriterBlog.INFO: Populated the TokenStorage with an anonymous Token. [] []
[2017-04-17 16:14:50] WriterBlog.INFO: Matched route "{route}". {"route":"chapter","route_parameters":{"_controller":"WriterBlog\\Controller\\HomeController::chapterAction","id":"2","_route":"chapter"},"request_uri":"http://writerblog/chapter/2","method":"GET"} []
[2017-04-17 16:14:50] WriterBlog.INFO: Populated the TokenStorage with an anonymous Token. [] []
[2017-04-17 16:14:50] WriterBlog.CRITICAL: Twig_Error_Syntax: Unexpected "endfor" tag (expecting closing tag for the "block" tag defined near line 36). (uncaught exception) at C:\wamp64\www\writerblog\views\home\chapter.html.twig line 36 {"exception":"[object] (Twig_Error_Syntax(code: 0): Unexpected \"endfor\" tag (expecting closing tag for the \"block\" tag defined near line 36). at C:\\wamp64\\www\\writerblog\\views\\home\\chapter.html.twig:36)"} []
[2017-04-17 16:15:59] WriterBlog.INFO: Matched route "{route}". {"route":"chapter","route_parameters":{"_controller":"WriterBlog\\Controller\\HomeController::chapterAction","id":"2","_route":"chapter"},"request_uri":"http://writerblog/chapter/2","method":"GET"} []
[2017-04-17 16:15:59] WriterBlog.INFO: Populated the TokenStorage with an anonymous Token. [] []
[2017-04-17 16:16:51] WriterBlog.INFO: Matched route "{route}". {"route":"chapter","route_parameters":{"_controller":"WriterBlog\\Controller\\HomeController::chapterAction","id":"2","_route":"chapter"},"request_uri":"http://writerblog/chapter/2","method":"GET"} []
[2017-04-17 16:16:51] WriterBlog.INFO: Populated the TokenStorage with an anonymous Token. [] []
[2017-04-17 16:16:53] WriterBlog.INFO: Matched route "{route}". {"route":"chapter","route_parameters":{"_controller":"WriterBlog\\Controller\\HomeController::chapterAction","id":"2","_route":"chapter"},"request_uri":"http://writerblog/chapter/2","method":"GET"} []
[2017-04-17 16:16:53] WriterBlog.INFO: Populated the TokenStorage with an anonymous Token. [] []
[2017-04-17 16:17:33] WriterBlog.INFO: Matched route "{route}". {"route":"chapter","route_parameters":{"_controller":"WriterBlog\\Controller\\HomeController::chapterAction","id":"2","_route":"chapter"},"request_uri":"http://writerblog/chapter/2","method":"GET"} []
[2017-04-17 16:17:33] WriterBlog.INFO: Populated the TokenStorage with an anonymous Token. [] []
[2017-04-17 16:17:33] WriterBlog.CRITICAL: Twig_Error_Syntax: Unexpected token "punctuation" of value "." ("operator" expected with value "in"). (uncaught exception) at C:\wamp64\www\writerblog\views\home\chapter.html.twig line 46 {"exception":"[object] (Twig_Error_Syntax(code: 0): Unexpected token \"punctuation\" of value \".\" (\"operator\" expected with value \"in\"). at C:\\wamp64\\www\\writerblog\\views\\home\\chapter.html.twig:46)"} []
[2017-04-17 16:18:03] WriterBlog.INFO: Matched route "{route}". {"route":"chapter","route_parameters":{"_controller":"WriterBlog\\Controller\\HomeController::chapterAction","id":"2","_route":"chapter"},"request_uri":"http://writerblog/chapter/2","method":"GET"} []
[2017-04-17 16:18:03] WriterBlog.INFO: Populated the TokenStorage with an anonymous Token. [] []
[2017-04-17 16:18:03] WriterBlog.CRITICAL: Twig_Error_Syntax: Unexpected token "punctuation" of value "." ("operator" expected with value "in"). (uncaught exception) at C:\wamp64\www\writerblog\views\home\chapter.html.twig line 46 {"exception":"[object] (Twig_Error_Syntax(code: 0): Unexpected token \"punctuation\" of value \".\" (\"operator\" expected with value \"in\"). at C:\\wamp64\\www\\writerblog\\views\\home\\chapter.html.twig:46)"} []
[2017-04-17 16:18:59] WriterBlog.INFO: Matched route "{route}". {"route":"chapter","route_parameters":{"_controller":"WriterBlog\\Controller\\HomeController::chapterAction","id":"2","_route":"chapter"},"request_uri":"http://writerblog/chapter/2","method":"GET"} []
[2017-04-17 16:18:59] WriterBlog.INFO: Populated the TokenStorage with an anonymous Token. [] []
[2017-04-18 08:26:59] WriterBlog.INFO: Matched route "{route}". {"route":"chapter","route_parameters":{"_controller":"WriterBlog\\Controller\\HomeController::chapterAction","id":"2","_route":"chapter"},"request_uri":"http://writerblog/chapter/2","method":"GET"} []
[2017-04-18 08:26:59] WriterBlog.INFO: Populated the TokenStorage with an anonymous Token. [] []
[2017-04-18 08:28:36] WriterBlog.INFO: Matched route "{route}". {"route":"chapter","route_parameters":{"_controller":"WriterBlog\\Controller\\HomeController::chapterAction","id":"2","_route":"chapter"},"request_uri":"http://writerblog/chapter/2","method":"GET"} []
[2017-04-18 08:28:36] WriterBlog.INFO: Populated the TokenStorage with an anonymous Token. [] []
[2017-04-18 08:36:37] WriterBlog.INFO: Matched route "{route}". {"route":"chapter","route_parameters":{"_controller":"WriterBlog\\Controller\\HomeController::chapterAction","id":"2","_route":"chapter"},"request_uri":"http://writerblog/chapter/2","method":"GET"} []
[2017-04-18 08:36:37] WriterBlog.INFO: Populated the TokenStorage with an anonymous Token. [] []
[2017-04-18 08:36:37] WriterBlog.CRITICAL: Twig_Error_Syntax: Unexpected token "punctuation" of value ":" ("end of statement block" expected). (uncaught exception) at C:\wamp64\www\writerblog\views\home\chapter.html.twig line 45 {"exception":"[object] (Twig_Error_Syntax(code: 0): Unexpected token \"punctuation\" of value \":\" (\"end of statement block\" expected). at C:\\wamp64\\www\\writerblog\\views\\home\\chapter.html.twig:45)"} []
[2017-04-18 08:37:01] WriterBlog.INFO: Matched route "{route}". {"route":"chapter","route_parameters":{"_controller":"WriterBlog\\Controller\\HomeController::chapterAction","id":"2","_route":"chapter"},"request_uri":"http://writerblog/chapter/2","method":"GET"} []
[2017-04-18 08:37:01] WriterBlog.INFO: Populated the TokenStorage with an anonymous Token. [] []
[2017-04-18 08:37:01] WriterBlog.CRITICAL: Twig_Error_Syntax: Unexpected token "punctuation" of value ":" ("end of statement block" expected). (uncaught exception) at C:\wamp64\www\writerblog\views\home\chapter.html.twig line 45 {"exception":"[object] (Twig_Error_Syntax(code: 0): Unexpected token \"punctuation\" of value \":\" (\"end of statement block\" expected). at C:\\wamp64\\www\\writerblog\\views\\home\\chapter.html.twig:45)"} []
[2017-04-18 08:37:40] WriterBlog.INFO: Matched route "{route}". {"route":"chapter","route_parameters":{"_controller":"WriterBlog\\Controller\\HomeController::chapterAction","id":"2","_route":"chapter"},"request_uri":"http://writerblog/chapter/2","method":"GET"} []
[2017-04-18 08:37:40] WriterBlog.INFO: Populated the TokenStorage with an anonymous Token. [] []
[2017-04-18 08:37:40] WriterBlog.CRITICAL: Twig_Error_Syntax: Unexpected token "punctuation" of value ":" ("end of statement block" expected). (uncaught exception) at C:\wamp64\www\writerblog\views\home\comment.html.twig line 12 {"exception":"[object] (Twig_Error_Syntax(code: 0): Unexpected token \"punctuation\" of value \":\" (\"end of statement block\" expected). at C:\\wamp64\\www\\writerblog\\views\\home\\comment.html.twig:12)"} []
[2017-04-18 08:37:59] WriterBlog.INFO: Matched route "{route}". {"route":"chapter","route_parameters":{"_controller":"WriterBlog\\Controller\\HomeController::chapterAction","id":"2","_route":"chapter"},"request_uri":"http://writerblog/chapter/2","method":"GET"} []
[2017-04-18 08:37:59] WriterBlog.INFO: Populated the TokenStorage with an anonymous Token. [] []
[2017-04-18 08:37:59] WriterBlog.CRITICAL: Twig_Error_Runtime: Key "children" for array with keys "1, 2" does not exist. (uncaught exception) at C:\wamp64\www\writerblog\views\home\chapter.html.twig line 45 {"exception":"[object] (Twig_Error_Runtime(code: 0): Key \"children\" for array with keys \"1, 2\" does not exist. at C:\\wamp64\\www\\writerblog\\views\\home\\chapter.html.twig:45)"} []
[2017-04-18 08:38:35] WriterBlog.INFO: Matched route "{route}". {"route":"chapter","route_parameters":{"_controller":"WriterBlog\\Controller\\HomeController::chapterAction","id":"2","_route":"chapter"},"request_uri":"http://writerblog/chapter/2","method":"GET"} []
[2017-04-18 08:38:35] WriterBlog.INFO: Populated the TokenStorage with an anonymous Token. [] []
[2017-04-18 08:38:35] WriterBlog.CRITICAL: Twig_Error_Runtime: Key "children" for array with keys "1, 2" does not exist. (uncaught exception) at C:\wamp64\www\writerblog\views\home\chapter.html.twig line 45 {"exception":"[object] (Twig_Error_Runtime(code: 0): Key \"children\" for array with keys \"1, 2\" does not exist. at C:\\wamp64\\www\\writerblog\\views\\home\\chapter.html.twig:45)"} []
[2017-04-18 08:40:08] WriterBlog.INFO: Matched route "{route}". {"route":"chapter","route_parameters":{"_controller":"WriterBlog\\Controller\\HomeController::chapterAction","id":"2","_route":"chapter"},"request_uri":"http://writerblog/chapter/2","method":"GET"} []
[2017-04-18 08:40:08] WriterBlog.INFO: Populated the TokenStorage with an anonymous Token. [] []
[2017-04-18 08:40:08] WriterBlog.CRITICAL: Twig_Error_Runtime: Key "children" for array with keys "0" does not exist. (uncaught exception) at C:\wamp64\www\writerblog\views\home\comment.html.twig line 12 {"exception":"[object] (Twig_Error_Runtime(code: 0): Key \"children\" for array with keys \"0\" does not exist. at C:\\wamp64\\www\\writerblog\\views\\home\\comment.html.twig:12)"} []
[2017-04-18 08:40:40] WriterBlog.INFO: Matched route "{route}". {"route":"chapter","route_parameters":{"_controller":"WriterBlog\\Controller\\HomeController::chapterAction","id":"2","_route":"chapter"},"request_uri":"http://writerblog/chapter/2","method":"GET"} []
[2017-04-18 08:40:40] WriterBlog.INFO: Populated the TokenStorage with an anonymous Token. [] []
[2017-04-18 08:54:37] WriterBlog.INFO: Matched route "{route}". {"route":"chapter","route_parameters":{"_controller":"WriterBlog\\Controller\\HomeController::chapterAction","id":"2","_route":"chapter"},"request_uri":"http://writerblog/chapter/2","method":"GET"} []
[2017-04-18 08:54:37] WriterBlog.INFO: Populated the TokenStorage with an anonymous Token. [] []
[2017-04-18 08:55:31] WriterBlog.INFO: Matched route "{route}". {"route":"chapter","route_parameters":{"_controller":"WriterBlog\\Controller\\HomeController::chapterAction","id":"2","_route":"chapter"},"request_uri":"http://writerblog/chapter/2","method":"GET"} []
[2017-04-18 08:55:31] WriterBlog.INFO: Populated the TokenStorage with an anonymous Token. [] []
[2017-04-18 08:57:13] WriterBlog.INFO: Matched route "{route}". {"route":"chapter","route_parameters":{"_controller":"WriterBlog\\Controller\\HomeController::chapterAction","id":"2","_route":"chapter"},"request_uri":"http://writerblog/chapter/2","method":"GET"} []
[2017-04-18 08:57:13] WriterBlog.INFO: Populated the TokenStorage with an anonymous Token. [] []
